C:\USERS\KEVIN\DOCUMENTS\C++PROJECTS\CONNECT4V2.5\CONNECT4_V2.5\CONNECT 4 V2.5\CONNECT 4 V2.5\X64\RELEASE\TTABLE.OBJ
C:\USERS\KEVIN\DOCUMENTS\C++PROJECTS\CONNECT4V2.5\CONNECT4_V2.5\CONNECT 4 V2.5\CONNECT 4 V2.5\X64\RELEASE\SOLVE.OBJ
C:\USERS\KEVIN\DOCUMENTS\C++PROJECTS\CONNECT4V2.5\CONNECT4_V2.5\CONNECT 4 V2.5\CONNECT 4 V2.5\X64\RELEASE\POSITION.OBJ
C:\USERS\KEVIN\DOCUMENTS\C++PROJECTS\CONNECT4V2.5\CONNECT4_V2.5\CONNECT 4 V2.5\CONNECT 4 V2.5\X64\RELEASE\MAIN.OBJ
C:\USERS\KEVIN\DOCUMENTS\C++PROJECTS\CONNECT4V2.5\CONNECT4_V2.5\CONNECT 4 V2.5\CONNECT 4 V2.5\X64\RELEASE\CONSTANTS.OBJ
C:\USERS\KEVIN\DOCUMENTS\C++PROJECTS\CONNECT4V2.5\CONNECT4_V2.5\CONNECT 4 V2.5\CONNECT 4 V2.5\X64\RELEASE\VC110.PDB
C:\USERS\KEVIN\APPDATA\LOCAL\TEMP\IRMAGENT.LOG
C:\USERS\KEVIN\DOCUMENTS\C++PROJECTS\CONNECT4V2.5\CONNECT4_V2.5\CONNECT 4 V2.5\X64\RELEASE\CONNECT 4 V2.5.EXE
C:\USERS\KEVIN\DOCUMENTS\C++PROJECTS\CONNECT4V2.5\CONNECT4_V2.5\CONNECT 4 V2.5\X64\RELEASE\CONNECT 4 V2.5.PDB
C:\USERS\KEVIN\DOCUMENTS\C++PROJECTS\CONNECT4V2.5\CONNECT4_V2.5\CONNECT 4 V2.5\CONNECT 4 V2.5\X64\RELEASE\CONNECT 4 V2.5.EXE.INTERMEDIATE.MANIFEST
C:\Users\Kevin\Documents\C++projects\Connect4v2.5\connect4_v2.5\Connect 4 v2.5\Connect 4 v2.5\x64\Release\Constants.obj
C:\Users\Kevin\Documents\C++projects\Connect4v2.5\connect4_v2.5\Connect 4 v2.5\Connect 4 v2.5\x64\Release\main.obj
C:\Users\Kevin\Documents\C++projects\Connect4v2.5\connect4_v2.5\Connect 4 v2.5\Connect 4 v2.5\x64\Release\Position.obj
C:\Users\Kevin\Documents\C++projects\Connect4v2.5\connect4_v2.5\Connect 4 v2.5\Connect 4 v2.5\x64\Release\Solve.obj
C:\Users\Kevin\Documents\C++projects\Connect4v2.5\connect4_v2.5\Connect 4 v2.5\Connect 4 v2.5\x64\Release\TTable.obj
C:\Users\Kevin\Documents\C++projects\Connect4v2.5\connect4_v2.5\Connect 4 v2.5\Connect 4 v2.5\x64\Release\cl.command.1.tlog
C:\Users\Kevin\Documents\C++projects\Connect4v2.5\connect4_v2.5\Connect 4 v2.5\Connect 4 v2.5\x64\Release\CL.read.1.tlog
C:\Users\Kevin\Documents\C++projects\Connect4v2.5\connect4_v2.5\Connect 4 v2.5\Connect 4 v2.5\x64\Release\CL.write.1.tlog
C:\Users\Kevin\Documents\C++projects\Connect4v2.5\connect4_v2.5\Connect 4 v2.5\Connect 4 v2.5\x64\Release\icl-intelremotemonserver-intelremotemonagent-intelremotemonagent2.read.1.tlog
C:\Users\Kevin\Documents\C++projects\Connect4v2.5\connect4_v2.5\Connect 4 v2.5\Connect 4 v2.5\x64\Release\icl-intelremotemonserver-intelremotemonagent-intelremotemonagent2.write.1.tlog
C:\Users\Kevin\Documents\C++projects\Connect4v2.5\connect4_v2.5\Connect 4 v2.5\Connect 4 v2.5\x64\Release\icl-intelremotemonserver-intelremotemonagent.read.1.tlog
C:\Users\Kevin\Documents\C++projects\Connect4v2.5\connect4_v2.5\Connect 4 v2.5\Connect 4 v2.5\x64\Release\icl-intelremotemonserver-intelremotemonagent.read.2.tlog
C:\Users\Kevin\Documents\C++projects\Connect4v2.5\connect4_v2.5\Connect 4 v2.5\Connect 4 v2.5\x64\Release\icl-intelremotemonserver-intelremotemonagent.write.2.tlog
C:\Users\Kevin\Documents\C++projects\Connect4v2.5\connect4_v2.5\Connect 4 v2.5\Connect 4 v2.5\x64\Release\icl-intelremotemonserver.read.1.tlog
C:\Users\Kevin\Documents\C++projects\Connect4v2.5\connect4_v2.5\Connect 4 v2.5\Connect 4 v2.5\x64\Release\icl-intelremotemonserver.read.2.tlog
C:\Users\Kevin\Documents\C++projects\Connect4v2.5\connect4_v2.5\Connect 4 v2.5\Connect 4 v2.5\x64\Release\icl-intelremotemonserver.read.4.tlog
C:\Users\Kevin\Documents\C++projects\Connect4v2.5\connect4_v2.5\Connect 4 v2.5\Connect 4 v2.5\x64\Release\icl-intelremotemonserver.read.6.tlog
C:\Users\Kevin\Documents\C++projects\Connect4v2.5\connect4_v2.5\Connect 4 v2.5\Connect 4 v2.5\x64\Release\icl-intelremotemonserver.read.7.tlog
C:\Users\Kevin\Documents\C++projects\Connect4v2.5\connect4_v2.5\Connect 4 v2.5\Connect 4 v2.5\x64\Release\icl-intelremotemonserver.write.2.tlog
C:\Users\Kevin\Documents\C++projects\Connect4v2.5\connect4_v2.5\Connect 4 v2.5\Connect 4 v2.5\x64\Release\icl-intelremotemonserver.write.4.tlog
C:\Users\Kevin\Documents\C++projects\Connect4v2.5\connect4_v2.5\Connect 4 v2.5\Connect 4 v2.5\x64\Release\icl-intelremotemonserver.write.6.tlog
C:\Users\Kevin\Documents\C++projects\Connect4v2.5\connect4_v2.5\Connect 4 v2.5\Connect 4 v2.5\x64\Release\icl-intelremotemonserver.write.7.tlog
C:\Users\Kevin\Documents\C++projects\Connect4v2.5\connect4_v2.5\Connect 4 v2.5\Connect 4 v2.5\x64\Release\icl-mcpcom.read.1.tlog
C:\Users\Kevin\Documents\C++projects\Connect4v2.5\connect4_v2.5\Connect 4 v2.5\Connect 4 v2.5\x64\Release\icl-mcpcom.write.1.tlog
C:\Users\Kevin\Documents\C++projects\Connect4v2.5\connect4_v2.5\Connect 4 v2.5\Connect 4 v2.5\x64\Release\icl.command.1.tlog
C:\Users\Kevin\Documents\C++projects\Connect4v2.5\connect4_v2.5\Connect 4 v2.5\Connect 4 v2.5\x64\Release\icl.read.1.tlog
C:\Users\Kevin\Documents\C++projects\Connect4v2.5\connect4_v2.5\Connect 4 v2.5\Connect 4 v2.5\x64\Release\icl.write.1.tlog
C:\Users\Kevin\Documents\C++projects\Connect4v2.5\connect4_v2.5\Connect 4 v2.5\Connect 4 v2.5\x64\Release\link-cvtres.read.1.tlog
C:\Users\Kevin\Documents\C++projects\Connect4v2.5\connect4_v2.5\Connect 4 v2.5\Connect 4 v2.5\x64\Release\link-cvtres.write.1.tlog
C:\Users\Kevin\Documents\C++projects\Connect4v2.5\connect4_v2.5\Connect 4 v2.5\Connect 4 v2.5\x64\Release\link-rc.read.1.tlog
C:\Users\Kevin\Documents\C++projects\Connect4v2.5\connect4_v2.5\Connect 4 v2.5\Connect 4 v2.5\x64\Release\link-rc.write.1.tlog
C:\Users\Kevin\Documents\C++projects\Connect4v2.5\connect4_v2.5\Connect 4 v2.5\Connect 4 v2.5\x64\Release\link.command.1.tlog
C:\Users\Kevin\Documents\C++projects\Connect4v2.5\connect4_v2.5\Connect 4 v2.5\Connect 4 v2.5\x64\Release\link.read.1.tlog
C:\Users\Kevin\Documents\C++projects\Connect4v2.5\connect4_v2.5\Connect 4 v2.5\Connect 4 v2.5\x64\Release\link.write.1.tlog
C:\Users\Kevin\Documents\C++projects\Connect4v2.5\connect4_v2.5\Connect 4 v2.5\Connect 4 v2.5\x64\Release\xilink-link.read.1.tlog
C:\Users\Kevin\Documents\C++projects\Connect4v2.5\connect4_v2.5\Connect 4 v2.5\Connect 4 v2.5\x64\Release\xilink-link.write.1.tlog
C:\Users\Kevin\Documents\C++projects\Connect4v2.5\connect4_v2.5\Connect 4 v2.5\Connect 4 v2.5\x64\Release\xilink-mcpcom.read.1.tlog
C:\Users\Kevin\Documents\C++projects\Connect4v2.5\connect4_v2.5\Connect 4 v2.5\Connect 4 v2.5\x64\Release\xilink-mcpcom.write.1.tlog
C:\Users\Kevin\Documents\C++projects\Connect4v2.5\connect4_v2.5\Connect 4 v2.5\Connect 4 v2.5\x64\Release\xilink.command.1.tlog
C:\Users\Kevin\Documents\C++projects\Connect4v2.5\connect4_v2.5\Connect 4 v2.5\Connect 4 v2.5\x64\Release\xilink.read.1.tlog
C:\Users\Kevin\Documents\C++projects\Connect4v2.5\connect4_v2.5\Connect 4 v2.5\Connect 4 v2.5\x64\Release\xilink.write.1.tlog
C:\Users\Kevin\Documents\C++projects\Connect4v2.5\connect4_v2.5\Connect 4 v2.5\Connect 4 v2.5\x64\Release\Connect 4 v2.5.exe.intermediate.manifest
C:\Users\Kevin\Documents\C++projects\Connect4v2.5\connect4_v2.5\Connect 4 v2.5\Connect 4 v2.5\x64\Release\vc110.pdb
C:\Users\Kevin\Documents\C++projects\Connect4v2.5\connect4_v2.5\Connect 4 v2.5\x64\Release\Connect 4 v2.5.pdb
C:\Users\Kevin\Documents\C++projects\Connect4v2.5\connect4_v2.5\Connect 4 v2.5\x64\Release\Connect 4 v2.5.exe
