Build started 9/5/2015 11:22:17 AM.
     1>Project "C:\Users\Kevin\Documents\C++projects\Connect4v2.5\connect4_v2.5\Connect 4 v2.5\Connect 4 v2.5\Connect 4 v2.5.vcxproj" on node 2 (Build target(s)).
     1>ClCompile:
         C:\Program Files (x86)\Microsoft Visual Studio 11.0\VC\bin\x86_amd64\CL.exe /c /Zi /nologo /W3 /WX- /Od /D WIN32 /D _DEBUG /D _CONSOLE /D _UNICODE /D UNICODE /Gm /EHsc /RTC1 /MDd /GS /fp:precise /Zc:wchar_t /Zc:forScope /Fo"x64\Debug\\" /Fd"x64\Debug\vc110.pdb" /Gd /TP /errorReport:prompt Constants.cpp Position.cpp main.cpp
         Constants.cpp
         Generating Code...
         Compiling...
         main.cpp
         Position.cpp
         Generating Code...
       Link:
         C:\Program Files (x86)\Microsoft Visual Studio 11.0\VC\bin\x86_amd64\link.exe /ERRORREPORT:PROMPT /OUT:"C:\Users\Kevin\Documents\C++projects\Connect4v2.5\connect4_v2.5\Connect 4 v2.5\x64\Debug\Connect 4 v2.5.exe" /INCREMENTAL /NOLOGO kernel32.lib user32.lib gdi32.lib winspool.lib comdlg32.lib advapi32.lib shell32.lib ole32.lib oleaut32.lib uuid.lib odbc32.lib odbccp32.lib /MANIFEST /MANIFESTUAC:"level='asInvoker' uiAccess='false'" /manifest:embed /DEBUG /PDB:"C:\Users\Kevin\Documents\C++projects\Connect4v2.5\connect4_v2.5\Connect 4 v2.5\x64\Debug\Connect 4 v2.5.pdb" /SUBSYSTEM:CONSOLE /TLBID:1 /DYNAMICBASE /NXCOMPAT /IMPLIB:"C:\Users\Kevin\Documents\C++projects\Connect4v2.5\connect4_v2.5\Connect 4 v2.5\x64\Debug\Connect 4 v2.5.lib" /MACHINE:X64 x64\Debug\Constants.obj
         x64\Debug\main.obj
         x64\Debug\Position.obj
         x64\Debug\Solve.obj
         x64\Debug\TTable.obj
         Connect 4 v2.5.vcxproj -> C:\Users\Kevin\Documents\C++projects\Connect4v2.5\connect4_v2.5\Connect 4 v2.5\x64\Debug\Connect 4 v2.5.exe
     1>Done Building Project "C:\Users\Kevin\Documents\C++projects\Connect4v2.5\connect4_v2.5\Connect 4 v2.5\Connect 4 v2.5\Connect 4 v2.5.vcxproj" (Build target(s)).

Build succeeded.

Time Elapsed 00:00:01.70
