C:\USERS\KEVIN\DOCUMENTS\C++PROJECTS\CONNECT4V2.5\CONNECT4_V2.5\CONNECT 4 V2.5\CONNECT 4 V2.5\X64\DEBUG\CONSTANTS.OBJ
C:\USERS\KEVIN\DOCUMENTS\C++PROJECTS\CONNECT4V2.5\CONNECT4_V2.5\CONNECT 4 V2.5\CONNECT 4 V2.5\X64\DEBUG\MAIN.OBJ
C:\USERS\KEVIN\DOCUMENTS\C++PROJECTS\CONNECT4V2.5\CONNECT4_V2.5\CONNECT 4 V2.5\CONNECT 4 V2.5\X64\DEBUG\POSITION.OBJ
C:\USERS\KEVIN\DOCUMENTS\C++PROJECTS\CONNECT4V2.5\CONNECT4_V2.5\CONNECT 4 V2.5\CONNECT 4 V2.5\X64\DEBUG\SOLVE.OBJ
C:\USERS\KEVIN\DOCUMENTS\C++PROJECTS\CONNECT4V2.5\CONNECT4_V2.5\CONNECT 4 V2.5\CONNECT 4 V2.5\X64\DEBUG\TTABLE.OBJ
C:\USERS\KEVIN\DOCUMENTS\C++PROJECTS\CONNECT4V2.5\CONNECT4_V2.5\CONNECT 4 V2.5\CONNECT 4 V2.5\X64\DEBUG\VC110.PDB
C:\USERS\KEVIN\DOCUMENTS\C++PROJECTS\CONNECT4V2.5\CONNECT4_V2.5\CONNECT 4 V2.5\X64\DEBUG\CONNECT 4 V2.5.ILK
C:\USERS\KEVIN\DOCUMENTS\C++PROJECTS\CONNECT4V2.5\CONNECT4_V2.5\CONNECT 4 V2.5\X64\DEBUG\CONNECT 4 V2.5.EXE
C:\USERS\KEVIN\DOCUMENTS\C++PROJECTS\CONNECT4V2.5\CONNECT4_V2.5\CONNECT 4 V2.5\X64\DEBUG\CONNECT 4 V2.5.PDB
C:\Users\Kevin\Documents\C++projects\Connect4v2.5\connect4_v2.5\Connect 4 v2.5\Connect 4 v2.5\x64\Debug\Constants.obj
C:\Users\Kevin\Documents\C++projects\Connect4v2.5\connect4_v2.5\Connect 4 v2.5\Connect 4 v2.5\x64\Debug\main.obj
C:\Users\Kevin\Documents\C++projects\Connect4v2.5\connect4_v2.5\Connect 4 v2.5\Connect 4 v2.5\x64\Debug\Position.obj
C:\Users\Kevin\Documents\C++projects\Connect4v2.5\connect4_v2.5\Connect 4 v2.5\Connect 4 v2.5\x64\Debug\Solve.obj
C:\Users\Kevin\Documents\C++projects\Connect4v2.5\connect4_v2.5\Connect 4 v2.5\Connect 4 v2.5\x64\Debug\TTable.obj
C:\Users\Kevin\Documents\C++projects\Connect4v2.5\connect4_v2.5\Connect 4 v2.5\Connect 4 v2.5\x64\Debug\cl.command.1.tlog
C:\Users\Kevin\Documents\C++projects\Connect4v2.5\connect4_v2.5\Connect 4 v2.5\Connect 4 v2.5\x64\Debug\CL.read.1.tlog
C:\Users\Kevin\Documents\C++projects\Connect4v2.5\connect4_v2.5\Connect 4 v2.5\Connect 4 v2.5\x64\Debug\CL.write.1.tlog
C:\Users\Kevin\Documents\C++projects\Connect4v2.5\connect4_v2.5\Connect 4 v2.5\Connect 4 v2.5\x64\Debug\link-cvtres.read.1.tlog
C:\Users\Kevin\Documents\C++projects\Connect4v2.5\connect4_v2.5\Connect 4 v2.5\Connect 4 v2.5\x64\Debug\link-cvtres.write.1.tlog
C:\Users\Kevin\Documents\C++projects\Connect4v2.5\connect4_v2.5\Connect 4 v2.5\Connect 4 v2.5\x64\Debug\link-rc.read.1.tlog
C:\Users\Kevin\Documents\C++projects\Connect4v2.5\connect4_v2.5\Connect 4 v2.5\Connect 4 v2.5\x64\Debug\link-rc.write.1.tlog
C:\Users\Kevin\Documents\C++projects\Connect4v2.5\connect4_v2.5\Connect 4 v2.5\Connect 4 v2.5\x64\Debug\link.10136-cvtres.read.1.tlog
C:\Users\Kevin\Documents\C++projects\Connect4v2.5\connect4_v2.5\Connect 4 v2.5\Connect 4 v2.5\x64\Debug\link.10136-cvtres.write.1.tlog
C:\Users\Kevin\Documents\C++projects\Connect4v2.5\connect4_v2.5\Connect 4 v2.5\Connect 4 v2.5\x64\Debug\link.10136-rc.read.1.tlog
C:\Users\Kevin\Documents\C++projects\Connect4v2.5\connect4_v2.5\Connect 4 v2.5\Connect 4 v2.5\x64\Debug\link.10136-rc.write.1.tlog
C:\Users\Kevin\Documents\C++projects\Connect4v2.5\connect4_v2.5\Connect 4 v2.5\Connect 4 v2.5\x64\Debug\link.10136.read.1.tlog
C:\Users\Kevin\Documents\C++projects\Connect4v2.5\connect4_v2.5\Connect 4 v2.5\Connect 4 v2.5\x64\Debug\link.10136.write.1.tlog
C:\Users\Kevin\Documents\C++projects\Connect4v2.5\connect4_v2.5\Connect 4 v2.5\Connect 4 v2.5\x64\Debug\link.10168-cvtres.read.1.tlog
C:\Users\Kevin\Documents\C++projects\Connect4v2.5\connect4_v2.5\Connect 4 v2.5\Connect 4 v2.5\x64\Debug\link.10168-cvtres.write.1.tlog
C:\Users\Kevin\Documents\C++projects\Connect4v2.5\connect4_v2.5\Connect 4 v2.5\Connect 4 v2.5\x64\Debug\link.10168-rc.read.1.tlog
C:\Users\Kevin\Documents\C++projects\Connect4v2.5\connect4_v2.5\Connect 4 v2.5\Connect 4 v2.5\x64\Debug\link.10168-rc.write.1.tlog
C:\Users\Kevin\Documents\C++projects\Connect4v2.5\connect4_v2.5\Connect 4 v2.5\Connect 4 v2.5\x64\Debug\link.10168.read.1.tlog
C:\Users\Kevin\Documents\C++projects\Connect4v2.5\connect4_v2.5\Connect 4 v2.5\Connect 4 v2.5\x64\Debug\link.10168.write.1.tlog
C:\Users\Kevin\Documents\C++projects\Connect4v2.5\connect4_v2.5\Connect 4 v2.5\Connect 4 v2.5\x64\Debug\link.10684-cvtres.read.1.tlog
C:\Users\Kevin\Documents\C++projects\Connect4v2.5\connect4_v2.5\Connect 4 v2.5\Connect 4 v2.5\x64\Debug\link.10684-cvtres.write.1.tlog
C:\Users\Kevin\Documents\C++projects\Connect4v2.5\connect4_v2.5\Connect 4 v2.5\Connect 4 v2.5\x64\Debug\link.10684-rc.read.1.tlog
C:\Users\Kevin\Documents\C++projects\Connect4v2.5\connect4_v2.5\Connect 4 v2.5\Connect 4 v2.5\x64\Debug\link.10684-rc.write.1.tlog
C:\Users\Kevin\Documents\C++projects\Connect4v2.5\connect4_v2.5\Connect 4 v2.5\Connect 4 v2.5\x64\Debug\link.10684.read.1.tlog
C:\Users\Kevin\Documents\C++projects\Connect4v2.5\connect4_v2.5\Connect 4 v2.5\Connect 4 v2.5\x64\Debug\link.10684.write.1.tlog
C:\Users\Kevin\Documents\C++projects\Connect4v2.5\connect4_v2.5\Connect 4 v2.5\Connect 4 v2.5\x64\Debug\link.11256-cvtres.read.1.tlog
C:\Users\Kevin\Documents\C++projects\Connect4v2.5\connect4_v2.5\Connect 4 v2.5\Connect 4 v2.5\x64\Debug\link.11256-cvtres.write.1.tlog
C:\Users\Kevin\Documents\C++projects\Connect4v2.5\connect4_v2.5\Connect 4 v2.5\Connect 4 v2.5\x64\Debug\link.11256-rc.read.1.tlog
C:\Users\Kevin\Documents\C++projects\Connect4v2.5\connect4_v2.5\Connect 4 v2.5\Connect 4 v2.5\x64\Debug\link.11256-rc.write.1.tlog
C:\Users\Kevin\Documents\C++projects\Connect4v2.5\connect4_v2.5\Connect 4 v2.5\Connect 4 v2.5\x64\Debug\link.11256.read.1.tlog
C:\Users\Kevin\Documents\C++projects\Connect4v2.5\connect4_v2.5\Connect 4 v2.5\Connect 4 v2.5\x64\Debug\link.11256.write.1.tlog
C:\Users\Kevin\Documents\C++projects\Connect4v2.5\connect4_v2.5\Connect 4 v2.5\Connect 4 v2.5\x64\Debug\link.12960-cvtres.read.1.tlog
C:\Users\Kevin\Documents\C++projects\Connect4v2.5\connect4_v2.5\Connect 4 v2.5\Connect 4 v2.5\x64\Debug\link.12960-cvtres.write.1.tlog
C:\Users\Kevin\Documents\C++projects\Connect4v2.5\connect4_v2.5\Connect 4 v2.5\Connect 4 v2.5\x64\Debug\link.12960-rc.read.1.tlog
C:\Users\Kevin\Documents\C++projects\Connect4v2.5\connect4_v2.5\Connect 4 v2.5\Connect 4 v2.5\x64\Debug\link.12960-rc.write.1.tlog
C:\Users\Kevin\Documents\C++projects\Connect4v2.5\connect4_v2.5\Connect 4 v2.5\Connect 4 v2.5\x64\Debug\link.12960.read.1.tlog
C:\Users\Kevin\Documents\C++projects\Connect4v2.5\connect4_v2.5\Connect 4 v2.5\Connect 4 v2.5\x64\Debug\link.12960.write.1.tlog
C:\Users\Kevin\Documents\C++projects\Connect4v2.5\connect4_v2.5\Connect 4 v2.5\Connect 4 v2.5\x64\Debug\link.14004-cvtres.read.1.tlog
C:\Users\Kevin\Documents\C++projects\Connect4v2.5\connect4_v2.5\Connect 4 v2.5\Connect 4 v2.5\x64\Debug\link.14004-cvtres.write.1.tlog
C:\Users\Kevin\Documents\C++projects\Connect4v2.5\connect4_v2.5\Connect 4 v2.5\Connect 4 v2.5\x64\Debug\link.14004-rc.read.1.tlog
C:\Users\Kevin\Documents\C++projects\Connect4v2.5\connect4_v2.5\Connect 4 v2.5\Connect 4 v2.5\x64\Debug\link.14004-rc.write.1.tlog
C:\Users\Kevin\Documents\C++projects\Connect4v2.5\connect4_v2.5\Connect 4 v2.5\Connect 4 v2.5\x64\Debug\link.14004.read.1.tlog
C:\Users\Kevin\Documents\C++projects\Connect4v2.5\connect4_v2.5\Connect 4 v2.5\Connect 4 v2.5\x64\Debug\link.14004.write.1.tlog
C:\Users\Kevin\Documents\C++projects\Connect4v2.5\connect4_v2.5\Connect 4 v2.5\Connect 4 v2.5\x64\Debug\link.3148-cvtres.read.1.tlog
C:\Users\Kevin\Documents\C++projects\Connect4v2.5\connect4_v2.5\Connect 4 v2.5\Connect 4 v2.5\x64\Debug\link.3148-cvtres.write.1.tlog
C:\Users\Kevin\Documents\C++projects\Connect4v2.5\connect4_v2.5\Connect 4 v2.5\Connect 4 v2.5\x64\Debug\link.3148-rc.read.1.tlog
C:\Users\Kevin\Documents\C++projects\Connect4v2.5\connect4_v2.5\Connect 4 v2.5\Connect 4 v2.5\x64\Debug\link.3148-rc.write.1.tlog
C:\Users\Kevin\Documents\C++projects\Connect4v2.5\connect4_v2.5\Connect 4 v2.5\Connect 4 v2.5\x64\Debug\link.3148.read.1.tlog
C:\Users\Kevin\Documents\C++projects\Connect4v2.5\connect4_v2.5\Connect 4 v2.5\Connect 4 v2.5\x64\Debug\link.3148.write.1.tlog
C:\Users\Kevin\Documents\C++projects\Connect4v2.5\connect4_v2.5\Connect 4 v2.5\Connect 4 v2.5\x64\Debug\link.3956-cvtres.read.1.tlog
C:\Users\Kevin\Documents\C++projects\Connect4v2.5\connect4_v2.5\Connect 4 v2.5\Connect 4 v2.5\x64\Debug\link.3956-cvtres.write.1.tlog
C:\Users\Kevin\Documents\C++projects\Connect4v2.5\connect4_v2.5\Connect 4 v2.5\Connect 4 v2.5\x64\Debug\link.3956-rc.read.1.tlog
C:\Users\Kevin\Documents\C++projects\Connect4v2.5\connect4_v2.5\Connect 4 v2.5\Connect 4 v2.5\x64\Debug\link.3956-rc.write.1.tlog
C:\Users\Kevin\Documents\C++projects\Connect4v2.5\connect4_v2.5\Connect 4 v2.5\Connect 4 v2.5\x64\Debug\link.3956.read.1.tlog
C:\Users\Kevin\Documents\C++projects\Connect4v2.5\connect4_v2.5\Connect 4 v2.5\Connect 4 v2.5\x64\Debug\link.3956.write.1.tlog
C:\Users\Kevin\Documents\C++projects\Connect4v2.5\connect4_v2.5\Connect 4 v2.5\Connect 4 v2.5\x64\Debug\link.5476-cvtres.read.1.tlog
C:\Users\Kevin\Documents\C++projects\Connect4v2.5\connect4_v2.5\Connect 4 v2.5\Connect 4 v2.5\x64\Debug\link.5476-cvtres.write.1.tlog
C:\Users\Kevin\Documents\C++projects\Connect4v2.5\connect4_v2.5\Connect 4 v2.5\Connect 4 v2.5\x64\Debug\link.5476-rc.read.1.tlog
C:\Users\Kevin\Documents\C++projects\Connect4v2.5\connect4_v2.5\Connect 4 v2.5\Connect 4 v2.5\x64\Debug\link.5476-rc.write.1.tlog
C:\Users\Kevin\Documents\C++projects\Connect4v2.5\connect4_v2.5\Connect 4 v2.5\Connect 4 v2.5\x64\Debug\link.5476.read.1.tlog
C:\Users\Kevin\Documents\C++projects\Connect4v2.5\connect4_v2.5\Connect 4 v2.5\Connect 4 v2.5\x64\Debug\link.5476.write.1.tlog
C:\Users\Kevin\Documents\C++projects\Connect4v2.5\connect4_v2.5\Connect 4 v2.5\Connect 4 v2.5\x64\Debug\link.9760-cvtres.read.1.tlog
C:\Users\Kevin\Documents\C++projects\Connect4v2.5\connect4_v2.5\Connect 4 v2.5\Connect 4 v2.5\x64\Debug\link.9760-cvtres.write.1.tlog
C:\Users\Kevin\Documents\C++projects\Connect4v2.5\connect4_v2.5\Connect 4 v2.5\Connect 4 v2.5\x64\Debug\link.9760-rc.read.1.tlog
C:\Users\Kevin\Documents\C++projects\Connect4v2.5\connect4_v2.5\Connect 4 v2.5\Connect 4 v2.5\x64\Debug\link.9760-rc.write.1.tlog
C:\Users\Kevin\Documents\C++projects\Connect4v2.5\connect4_v2.5\Connect 4 v2.5\Connect 4 v2.5\x64\Debug\link.9760.read.1.tlog
C:\Users\Kevin\Documents\C++projects\Connect4v2.5\connect4_v2.5\Connect 4 v2.5\Connect 4 v2.5\x64\Debug\link.9760.write.1.tlog
C:\Users\Kevin\Documents\C++projects\Connect4v2.5\connect4_v2.5\Connect 4 v2.5\Connect 4 v2.5\x64\Debug\link.command.1.tlog
C:\Users\Kevin\Documents\C++projects\Connect4v2.5\connect4_v2.5\Connect 4 v2.5\Connect 4 v2.5\x64\Debug\link.read.1.tlog
C:\Users\Kevin\Documents\C++projects\Connect4v2.5\connect4_v2.5\Connect 4 v2.5\Connect 4 v2.5\x64\Debug\link.write.1.tlog
C:\Users\Kevin\Documents\C++projects\Connect4v2.5\connect4_v2.5\Connect 4 v2.5\Connect 4 v2.5\x64\Debug\vc110.idb
C:\Users\Kevin\Documents\C++projects\Connect4v2.5\connect4_v2.5\Connect 4 v2.5\Connect 4 v2.5\x64\Debug\vc110.pdb
C:\Users\Kevin\Documents\C++projects\Connect4v2.5\connect4_v2.5\Connect 4 v2.5\x64\Debug\Connect 4 v2.5.pdb
C:\Users\Kevin\Documents\C++projects\Connect4v2.5\connect4_v2.5\Connect 4 v2.5\x64\Debug\Connect 4 v2.5.exe
C:\Users\Kevin\Documents\C++projects\Connect4v2.5\connect4_v2.5\Connect 4 v2.5\x64\Debug\Connect 4 v2.5.ilk
